\BOOKMARK [1][-]{section.1}{\376\377\000I\000n\000t\000r\000o\000d\000u\000c\000t\000i\000o\000n}{}% 1
\BOOKMARK [1][-]{section.2}{\376\377\000C\000u\000r\000r\000e\000n\000t\000\040\000O\000p\000i\000n\000i\000o\000n\000\040\000P\000r\000o\000p\000a\000g\000a\000t\000i\000o\000n\000\040\000M\000o\000d\000e\000l\000s}{}% 2
\BOOKMARK [2][-]{subsection.2.1}{\376\377\000P\000r\000e\000l\000i\000m\000i\000n\000a\000r\000i\000e\000s\000\040\000a\000n\000d\000\040\000B\000a\000c\000k\000g\000r\000o\000u\000n\000d}{section.2}% 3
\BOOKMARK [2][-]{subsection.2.2}{\376\377\000C\000u\000r\000r\000e\000n\000t\000\040\000M\000e\000t\000h\000o\000d\000\040\000o\000f\000\040\000O\000p\000i\000n\000i\000o\000n\000\040\000Q\000u\000a\000n\000t\000i\000f\000i\000c\000a\000t\000i\000o\000n}{section.2}% 4
\BOOKMARK [1][-]{section.3}{\376\377\000P\000r\000o\000p\000o\000s\000e\000d\000\040\000O\000p\000i\000n\000i\000o\000n\000\040\000P\000r\000o\000p\000a\000g\000a\000t\000i\000o\000n\000\040\000M\000o\000d\000e\000l}{}% 5
\BOOKMARK [2][-]{subsection.3.1}{\376\377\000D\000a\000t\000a\000\040\000O\000p\000i\000n\000i\000o\000n\000\040\000I\000n\000i\000t\000i\000a\000l\000i\000z\000a\000t\000i\000o\000n}{section.3}% 6
\BOOKMARK [2][-]{subsection.3.2}{\376\377\000P\000a\000r\000a\000m\000e\000t\000e\000r\000\040\000O\000p\000i\000n\000i\000o\000n\000\040\000I\000n\000i\000t\000i\000a\000l\000i\000z\000a\000t\000i\000o\000n}{section.3}% 7
\BOOKMARK [2][-]{subsection.3.3}{\376\377\000O\000p\000i\000n\000i\000o\000n\000\040\000O\000p\000t\000i\000m\000i\000z\000a\000t\000i\000o\000n\000\040\000P\000r\000o\000c\000e\000s\000s}{section.3}% 8
\BOOKMARK [1][-]{section.4}{\376\377\000E\000x\000p\000e\000r\000i\000m\000e\000n\000t\000a\000l\000\040\000E\000v\000a\000l\000u\000a\000t\000i\000o\000n}{}% 9
\BOOKMARK [2][-]{subsection.4.1}{\376\377\000R\000e\000s\000u\000l\000t\000s\000\040\000a\000n\000d\000\040\000I\000n\000t\000e\000r\000p\000r\000e\000t\000a\000t\000i\000o\000n\000s}{section.4}% 10
\BOOKMARK [1][-]{section.5}{\376\377\000R\000e\000l\000a\000t\000e\000d\000\040\000W\000o\000r\000k}{}% 11
\BOOKMARK [1][-]{section.6}{\376\377\000C\000o\000n\000c\000l\000u\000s\000i\000o\000n}{}% 12
\BOOKMARK [1][-]{section.6}{\376\377\000R\000e\000f\000e\000r\000e\000n\000c\000e\000s}{}% 13
\BOOKMARK [1][-]{appendix.Appendix.A}{\376\377\000A\000p\000p\000e\000n\000d\000i\000x\000\040\000A\000:\000\040\000S\000i\000n\000g\000l\000e\000\040\000D\000e\000e\000p\000\040\000N\000e\000u\000r\000a\000l\000\040\000N\000e\000t\000w\000o\000r\000k}{}% 14
\BOOKMARK [1][-]{appendix.Appendix.B}{\376\377\000A\000p\000p\000e\000n\000d\000i\000x\000\040\000B\000:\000\040\000O\000p\000i\000n\000i\000o\000n\000\040\000D\000e\000t\000e\000r\000m\000i\000n\000a\000n\000t\000s\000\040\000i\000n\000\040\000S\000u\000b\000j\000e\000c\000t\000i\000v\000e\000\040\000L\000o\000g\000i\000c}{}% 15
\BOOKMARK [1][-]{appendix.Appendix.C}{\376\377\000A\000p\000p\000e\000n\000d\000i\000x\000\040\000C\000:\000\040\000P\000a\000r\000a\000m\000e\000t\000e\000r\000\040\000O\000p\000i\000n\000i\000o\000n\000\040\000I\000n\000i\000t\000i\000a\000l\000i\000z\000a\000t\000i\000o\000n}{}% 16
\BOOKMARK [1][-]{appendix.Appendix.D}{\376\377\000A\000p\000p\000e\000n\000d\000i\000x\000\040\000D\000:\000\040\000P\000a\000r\000a\000m\000e\000t\000e\000r\000s\000\040\000O\000p\000i\000n\000i\000o\000n\000\040\000U\000p\000d\000a\000t\000e}{}% 17
\BOOKMARK [1][-]{appendix.Appendix.E}{\376\377\000A\000p\000p\000e\000n\000d\000i\000x\000\040\000E\000:\000\040\000I\000m\000p\000a\000c\000t\000\040\000o\000f\000\040\000D\000a\000t\000a\000\040\000D\000i\000s\000t\000r\000i\000b\000u\000t\000i\000o\000n\000\040\000o\000n\000\040\000M\000o\000d\000e\000l\000\040\000P\000e\000r\000f\000o\000r\000m\000a\000n\000c\000e}{}% 18
\BOOKMARK [1][-]{appendix.Appendix.F}{\376\377\000A\000p\000p\000e\000n\000d\000i\000x\000\040\000F\000:\000\040\000M\000o\000d\000e\000l\000\040\000T\000r\000a\000i\000n\000i\000n\000g}{}% 19
\BOOKMARK [1][-]{appendix.Appendix.G}{\376\377\000A\000p\000p\000e\000n\000d\000i\000x\000\040\000G\000:\000\040\000I\000n\000v\000e\000s\000t\000i\000g\000a\000t\000i\000o\000n\000\040\000o\000n\000\040\000O\000p\000t\000i\000m\000a\000l\000\040\000T\000h\000r\000e\000s\000h\000o\000l\000d\000s\000\040\000i\000n\000\040\000O\000p\000i\000n\000i\000o\000n\000\040\000O\000p\000t\000i\000m\000i\000z\000a\000t\000i\000o\000n}{}% 20
